User Actions Log
-----------------
2024-03-08 01:06:08 - User 123: Clicked on 'Buy Now' button
2024-03-08 01:06:08 - User 456: Logged in to the app
2024-03-08 01:16:47 - User tal0311: Terminal Opened
2024-03-08 01:18:48 - User tal0311: Terminal Opened
2024-03-08 01:19:19 - User tal0311: Terminal Opened
2024-03-08 14:17:18 - User tal0311: File details for: bs_1.sh
2024-03-08 14:33:20 - User tal0311: File details for: bs_1.sh
2024-03-08 14:34:49 - User tal0311: File details for: bs_1.sh
2024-03-08 14:35:42 - User tal0311: File details for: bs_1.sh
2024-03-08 14:37:37 - User tal0311: File details for: bs_1.sh
2024-03-08 14:39:19 - User tal0311: File details for: bs_1.sh
2024-03-08 14:43:22 - User tal0311: File details for: bs_1.sh
2024-03-08 14:43:30 - User tal0311: Folder details for: ex1
2024-03-08 14:45:25 - User tal0311: File details for: bs_1.sh
2024-03-09 19:18:52 - User tal0311: App initialized
2024-03-09 19:18:55 - User tal0311: File details for: bs_1.sh
2024-03-09 19:19:06 - User tal0311: File details for: dead.letter
2024-03-09 19:19:44 - User tal0311: Folder details for: ex1
2024-03-09 19:19:46 - User tal0311: File details for: dogFood.lst
2024-03-09 19:20:11 - User tal0311: File details for: welcome.sh
2024-03-10 21:08:50 - User tal0311: Modal opened: connect
2024-03-10 21:12:35 - User tal0311: Modal opened: connect
2024-03-10 21:19:03 - User tal0311: Modal opened: connect
2024-03-10 21:20:03 - User tal0311: Connection set
2024-03-10 21:21:09 - User tal0311: Modal opened: connect
2024-03-10 21:21:17 - User tal0311: Connection set
2024-03-10 21:23:16 - User tal0311: Modal opened: connect
2024-03-10 21:23:24 - User tal0311: Connection set
2024-03-10 21:25:08 - User tal0311: Modal opened: connect
2024-03-10 21:25:55 - User tal0311: Connection set
2024-03-10 21:28:13 - User tal0311: Modal opened: connect
2024-03-10 21:29:44 - User tal0311: Modal opened: connect
2024-03-10 21:29:59 - User tal0311: Connection set: {'hostname': '10.0.0.14', 'port': 22, 'username': 'tal0311', 'password': '123456'}
2024-03-10 21:30:01 - User tal0311: App initialized
2024-03-10 21:33:26 - User tal0311: Modal opened: connect
2024-03-10 21:33:37 - User tal0311: Connection set: {'hostname': '10.0.0.14', 'port': 22, 'username': 'tal0311', 'password': '123456'}
2024-03-10 21:33:38 - User tal0311: App initialized
2024-03-10 21:35:19 - User tal0311: Modal opened: connect
2024-03-10 21:35:20 - User tal0311: Connection set: {'hostname': '10.0.0.14', 'port': 22, 'username': 'tal0311', 'password': '123456'}
2024-03-10 21:35:22 - User tal0311: App initialized
2024-03-10 21:42:37 - User tal0311: Modal opened: connect
2024-03-10 21:42:41 - User tal0311: Connection set: {'hostname': '10.0.0.14', 'port': 22, 'username': 'tal0311', 'password': '123456'}
2024-03-10 21:42:42 - User tal0311: App initialized
2024-03-10 21:42:45 - User tal0311: Modal opened: signIn_modal
2024-03-10 21:44:27 - User tal0311: Modal opened: connect
2024-03-10 21:44:29 - User tal0311: Connection set: {'hostname': '10.0.0.14', 'port': 22, 'username': 'tal0311', 'password': '123456'}
2024-03-10 21:44:30 - User tal0311: App initialized
2024-03-10 21:44:33 - User tal0311: Modal opened: sign_in
2024-03-11 15:25:32 - User tal0311: Modal opened: connect
2024-03-11 15:25:39 - User tal0311: Connection set: {'hostname': '', 'port': None, 'username': '', 'password': ''}
2024-03-11 15:27:14 - User tal0311: Modal opened: connect
2024-03-11 15:27:16 - User tal0311: Connection set: {'hostname': '', 'port': None, 'username': '', 'password': ''}
2024-03-11 15:29:10 - User tal0311: Modal opened: connect
2024-03-11 15:29:12 - User tal0311: Connection set: {'hostname': '192.168.1.160', 'port': 22, 'username': 'tal0311', 'password': '123456'}
2024-03-11 15:29:12 - User tal0311: App initialized
2024-03-11 15:31:25 - User tal0311: Modal opened: connect
2024-03-11 15:32:08 - User tal0311: Modal opened: connect
2024-03-11 15:32:43 - User tal0311: Modal opened: connect
2024-03-11 15:32:49 - User tal0311: Connection set: {'hostname': '192.168.1.160', 'port': 22, 'username': 'tal0311', 'password': '123456'}
2024-03-11 15:32:50 - User tal0311: App initialized
2024-03-11 15:33:24 - User tal0311: Modal opened: connect
2024-03-11 15:34:55 - User tal0311: Modal opened: connect
2024-03-11 15:35:04 - User tal0311: Connection set: {'hostname': '192.168.1.160', 'port': 22, 'username': 'tal0311', 'password': '123456'}
2024-03-11 15:35:05 - User tal0311: App initialized
2024-03-11 15:38:26 - User tal0311: Modal opened: connect
2024-03-11 15:40:24 - User tal0311: Connection set: {'hostname': '192.168.1.160', 'port': 22, 'username': 'tal0311', 'password': '123456'}
2024-03-11 15:40:24 - User tal0311: App initialized
2024-03-11 15:41:00 - User tal0311: Modal opened: connect
2024-03-11 15:41:05 - User tal0311: Connection set: {'hostname': '192.168.1.160', 'port': 22, 'username': 'tal0311', 'password': '123456'}
2024-03-11 15:41:05 - User tal0311: App initialized
2024-03-11 15:42:02 - User tal0311: Modal opened: connect
2024-03-11 15:42:03 - User tal0311: Connection set: {'hostname': '192.168.1.160', 'port': 22, 'username': 'tal0311', 'password': '123456'}
2024-03-11 15:42:04 - User tal0311: App initialized
2024-03-11 15:42:38 - User tal0311: Modal opened: connect
2024-03-11 15:42:39 - User tal0311: Connection set: {'hostname': '192.168.1.160', 'port': 22, 'username': 'tal0311', 'password': '123456'}
2024-03-11 15:42:39 - User tal0311: App initialized
2024-03-11 15:43:10 - User tal0311: Modal opened: connect
2024-03-11 15:43:11 - User tal0311: Connection set: {'hostname': '192.168.1.160', 'port': 22, 'username': 'tal0311', 'password': '123456'}
2024-03-11 15:43:12 - User tal0311: App initialized
2024-03-11 15:44:43 - User tal0311: Modal opened: connect
2024-03-11 15:44:47 - User tal0311: Connection set: {'hostname': '192.168.1.160', 'port': 22, 'username': 'tal0311', 'password': '123456'}
2024-03-11 15:44:47 - User tal0311: App initialized
2024-03-11 15:46:12 - User tal0311: Modal opened: connect
2024-03-11 15:46:14 - User tal0311: Connection set: {'hostname': '192.168.1.160', 'port': 22, 'username': 'tal0311', 'password': '123456'}
2024-03-11 15:46:15 - User tal0311: App initialized
2024-03-11 15:46:55 - User tal0311: Modal opened: connect
2024-03-11 15:46:58 - User tal0311: Connection set: {'hostname': '192.168.1.160', 'port': 22, 'username': 'tal0311', 'password': '123456'}
2024-03-11 15:46:58 - User tal0311: App initialized
2024-03-11 15:47:56 - User tal0311: Modal opened: connect
2024-03-11 15:47:58 - User tal0311: Connection set: {'hostname': '192.168.1.160', 'port': 22, 'username': 'tal0311', 'password': '123456'}
2024-03-11 15:47:59 - User tal0311: App initialized
